<?xml version="1.0" encoding="UTF-8"?>
<!-- Generated by org.testng.reporters.JUnitReportReporter -->
<testsuite skipped="0" hostname="DESKTOP-KC70NR3" name="testCases.UserRoleTest" tests="1" failures="0" timestamp="2020-06-03T10:44:30 IST" time="24.420" errors="0">
  <testcase name="verifyUserRole" time="24.420" classname="testCases.UserRoleTest"/>
  <system-out/>
</testsuite> <!-- testCases.UserRoleTest -->
