<?xml version="1.0" encoding="UTF-8"?>
<!-- Generated by org.testng.reporters.JUnitReportReporter -->
<testsuite skipped="0" hostname="DESKTOP-KC70NR3" name="testCases.PendingLeaveRequestTest" tests="1" failures="0" timestamp="2020-06-03T10:44:30 IST" time="0.072" errors="0">
  <testcase name="verifyPendingLeaveRequest" time="0.072" classname="testCases.PendingLeaveRequestTest"/>
  <system-out/>
</testsuite> <!-- testCases.PendingLeaveRequestTest -->
